{"D:\\Projects\\JestApp\\Matchers\\sum.js": {"path":"D:\\Projects\\JestApp\\Matchers\\sum.js","statementMap":{"0":{"start":{"line":2,"column":4},"end":{"line":2,"column":22}},"1":{"start":{"line":4,"column":0},"end":{"line":4,"column":21}}},"fnMap":{"0":{"name":"sum","decl":{"start":{"line":1,"column":9},"end":{"line":1,"column":12}},"loc":{"start":{"line":1,"column":25},"end":{"line":3,"column":1}},"line":1}},"branchMap":{},"s":{"0":1,"1":1},"f":{"0":1},"b":{},"_coverageSchema":"1a1c01bbd47fc00a2c39e90264f33305004495a9","hash":"7d670dd0291d29309e9176e10db5620ae4dc5b14"}
,"D:\\Projects\\JestApp\\async\\async.js": {"path":"D:\\Projects\\JestApp\\async\\async.js","statementMap":{"0":{"start":{"line":1,"column":14},"end":{"line":1,"column":30}},"1":{"start":{"line":3,"column":18},"end":{"line":8,"column":1}},"2":{"start":{"line":4,"column":17},"end":{"line":6,"column":2}},"3":{"start":{"line":7,"column":1},"end":{"line":7,"column":21}},"4":{"start":{"line":10,"column":0},"end":{"line":10,"column":27}}},"fnMap":{"0":{"name":"(anonymous_0)","decl":{"start":{"line":3,"column":18},"end":{"line":3,"column":19}},"loc":{"start":{"line":3,"column":32},"end":{"line":8,"column":1}},"line":3}},"branchMap":{},"s":{"0":1,"1":1,"2":2,"3":2,"4":1},"f":{"0":2},"b":{},"_coverageSchema":"1a1c01bbd47fc00a2c39e90264f33305004495a9","hash":"62b57fb6abd2bb777b3079396fe68782a74ee17e"}
}
